g:\github\netsim_v12.0_projects\lte_drx_v12.0\workspace_lte_drx\src\simulation\lte\x64\debug\vc142.pdb
g:\github\netsim_v12.0_projects\lte_drx_v12.0\workspace_lte_drx\src\simulation\lte\x64\debug\vc142.idb
g:\github\netsim_v12.0_projects\lte_drx_v12.0\workspace_lte_drx\src\simulation\lte\x64\debug\rrc.obj
g:\github\netsim_v12.0_projects\lte_drx_v12.0\workspace_lte_drx\src\simulation\lte\x64\debug\rlc.obj
g:\github\netsim_v12.0_projects\lte_drx_v12.0\workspace_lte_drx\src\simulation\lte\x64\debug\relay.obj
g:\github\netsim_v12.0_projects\lte_drx_v12.0\workspace_lte_drx\src\simulation\lte\x64\debug\pdcp.obj
g:\github\netsim_v12.0_projects\lte_drx_v12.0\workspace_lte_drx\src\simulation\lte\x64\debug\nas.obj
g:\github\netsim_v12.0_projects\lte_drx_v12.0\workspace_lte_drx\src\simulation\lte\x64\debug\mimo.obj
g:\github\netsim_v12.0_projects\lte_drx_v12.0\workspace_lte_drx\src\simulation\lte\x64\debug\mac_scheduler.obj
g:\github\netsim_v12.0_projects\lte_drx_v12.0\workspace_lte_drx\src\simulation\lte\x64\debug\lte_phy.obj
g:\github\netsim_v12.0_projects\lte_drx_v12.0\workspace_lte_drx\src\simulation\lte\x64\debug\lte_enum.obj
g:\github\netsim_v12.0_projects\lte_drx_v12.0\workspace_lte_drx\src\simulation\lte\x64\debug\lte.obj
g:\github\netsim_v12.0_projects\lte_drx_v12.0\workspace_lte_drx\src\simulation\lte\x64\debug\harq.obj
g:\github\netsim_v12.0_projects\lte_drx_v12.0\workspace_lte_drx\src\simulation\lte\x64\debug\femtocell.obj
g:\github\netsim_v12.0_projects\lte_drx_v12.0\workspace_lte_drx\src\simulation\lte\x64\debug\d2d.obj
g:\github\netsim_v12.0_projects\lte_drx_v12.0\workspace_lte_drx\src\simulation\lte\x64\debug\ca.obj
g:\github\netsim_v12.0_projects\lte_drx_v12.0\workspace_lte_drx\bin\bin_x64\liblte.dll
g:\github\netsim_v12.0_projects\lte_drx_v12.0\workspace_lte_drx\bin\bin_x64\lte.pdb
g:\github\netsim_v12.0_projects\lte_drx_v12.0\workspace_lte_drx\bin\bin_x64\lte.lib
g:\github\netsim_v12.0_projects\lte_drx_v12.0\workspace_lte_drx\bin\bin_x64\lte.exp
g:\github\netsim_v12.0_projects\lte_drx_v12.0\workspace_lte_drx\src\simulation\lte\x64\debug\lte.tlog\cl.command.1.tlog
g:\github\netsim_v12.0_projects\lte_drx_v12.0\workspace_lte_drx\src\simulation\lte\x64\debug\lte.tlog\cl.read.1.tlog
g:\github\netsim_v12.0_projects\lte_drx_v12.0\workspace_lte_drx\src\simulation\lte\x64\debug\lte.tlog\cl.write.1.tlog
g:\github\netsim_v12.0_projects\lte_drx_v12.0\workspace_lte_drx\src\simulation\lte\x64\debug\lte.tlog\link.command.1.tlog
g:\github\netsim_v12.0_projects\lte_drx_v12.0\workspace_lte_drx\src\simulation\lte\x64\debug\lte.tlog\link.read.1.tlog
g:\github\netsim_v12.0_projects\lte_drx_v12.0\workspace_lte_drx\src\simulation\lte\x64\debug\lte.tlog\link.write.1.tlog
g:\github\netsim_v12.0_projects\lte_drx_v12.0\workspace_lte_drx\src\simulation\lte\x64\debug\lte.tlog\lte.write.1u.tlog
