C:\Program Files (x86)\Microsoft Visual Studio\2019\Community\MSBuild\Microsoft\VC\v160\Microsoft.CppBuild.targets(438,5): warning MSB8004: Output Directory does not end with a trailing slash.  This build instance will add the slash as it is required to allow proper evaluation of the Output Directory.
  CA.c
  D2D.c
  Femtocell.c
  HARQ.c
  LTE.c
G:\GitHub\NetSim_v12.0_Projects\LTE_DRX_v12.0\WorkSpace_LTE_DRX\src\Simulation\LTE\LTE.c(23,20): warning C4018: '<': signed/unsigned mismatch
G:\GitHub\NetSim_v12.0_Projects\LTE_DRX_v12.0\WorkSpace_LTE_DRX\src\Simulation\LTE\LTE.c(246,86): warning C4244: '=': conversion from 'double' to 'unsigned int', possible loss of data
G:\GitHub\NetSim_v12.0_Projects\LTE_DRX_v12.0\WorkSpace_LTE_DRX\src\Simulation\LTE\LTE.c(262,85): warning C4244: '=': conversion from 'double' to 'unsigned int', possible loss of data
G:\GitHub\NetSim_v12.0_Projects\LTE_DRX_v12.0\WorkSpace_LTE_DRX\src\Simulation\LTE\LTE.c(291,88): warning C4244: '=': conversion from 'double' to 'unsigned int', possible loss of data
G:\GitHub\NetSim_v12.0_Projects\LTE_DRX_v12.0\WorkSpace_LTE_DRX\src\Simulation\LTE\LTE.c(317,84): warning C4244: '=': conversion from 'double' to 'unsigned int', possible loss of data
  LTE_enum.c
  LTE_Phy.c
  Mac_scheduler.c
G:\GitHub\NetSim_v12.0_Projects\LTE_DRX_v12.0\WorkSpace_LTE_DRX\src\Simulation\LTE\LTE.c(342,85): warning C4244: '=': conversion from 'double' to 'unsigned int', possible loss of data
  MIMO.c
  NAS.c
  PDCP.c
  Relay.c
  RLC.c
  RRC.c
  Generating Code...
G:\GitHub\NetSim_v12.0_Projects\LTE_DRX_v12.0\WorkSpace_LTE_DRX\src\Simulation\LTE\Mac_scheduler.c(128,85): warning C4244: '=': conversion from 'double' to 'unsigned int', possible loss of data
C:\Program Files (x86)\Microsoft Visual Studio\2019\Community\MSBuild\Microsoft\VC\v160\Microsoft.CppBuild.targets(1267,5): warning MSB8012: TargetPath(G:\GitHub\NetSim_v12.0_Projects\LTE_DRX_v12.0\WorkSpace_LTE_DRX\src\Simulation\LTE\..\..\..\bin\bin_x86\LTE.dll) does not match the Linker's OutputFile property value (G:\GitHub\NetSim_v12.0_Projects\LTE_DRX_v12.0\WorkSpace_LTE_DRX\bin\bin_x86\libLTE.dll). This may cause your project to build incorrectly. To correct this, please make sure that $(OutDir), $(TargetName) and $(TargetExt) property values match the value specified in %(Link.OutputFile).
C:\Program Files (x86)\Microsoft Visual Studio\2019\Community\MSBuild\Microsoft\VC\v160\Microsoft.CppBuild.targets(1269,5): warning MSB8012: TargetName(LTE) does not match the Linker's OutputFile property value (libLTE). This may cause your project to build incorrectly. To correct this, please make sure that $(OutDir), $(TargetName) and $(TargetExt) property values match the value specified in %(Link.OutputFile).
CA.obj : warning LNK4075: ignoring '/EDITANDCONTINUE' due to '/INCREMENTAL:NO' specification
  list.lib(List.obj) : MSIL .netmodule or module compiled with /GL found; restarting link with /LTCG; add /LTCG to the link command line to improve linker performance
CA.obj : warning LNK4075: ignoring '/EDITANDCONTINUE' due to '/INCREMENTAL:NO' specification
     Creating library ..\..\..\bin\bin_x86\LTE.lib and object ..\..\..\bin\bin_x86\LTE.exp
LINK : warning LNK4098: defaultlib 'MSVCRT' conflicts with use of other libs; use /NODEFAULTLIB:library
  Generating code
  Finished generating code
list.lib(List.obj) : warning LNK4099: PDB 'List.pdb' was not found with 'list.lib(List.obj)' or at 'G:\GitHub\NetSim_v12.0_Projects\LTE_DRX_v12.0\WorkSpace_LTE_DRX\bin\bin_x86\List.pdb'; linking object as if no debug info
LTE.lib(LTELib.obj) : warning LNK4099: PDB 'LTELib.pdb' was not found with 'LTE.lib(LTELib.obj)' or at 'G:\GitHub\NetSim_v12.0_Projects\LTE_DRX_v12.0\WorkSpace_LTE_DRX\bin\bin_x86\LTELib.pdb'; linking object as if no debug info
LTE.lib(BER.obj) : warning LNK4099: PDB 'LTELib.pdb' was not found with 'LTE.lib(BER.obj)' or at 'G:\GitHub\NetSim_v12.0_Projects\LTE_DRX_v12.0\WorkSpace_LTE_DRX\bin\bin_x86\LTELib.pdb'; linking object as if no debug info
  LTE.vcxproj -> G:\GitHub\NetSim_v12.0_Projects\LTE_DRX_v12.0\WorkSpace_LTE_DRX\src\Simulation\LTE\..\..\..\bin\bin_x86\LTE.dll
